CRITICAL - 2023-04-22 03:27:49 --> include(./views/inc/products/products.php): Failed to open stream: No such file or directory
in APPPATH\Views\inc\productos.php on line 2.
 1 APPPATH\Views\inc\productos.php(2): CodeIgniter\Debug\Exceptions->errorHandler(2, 'include(./views/inc/products/products.php): Failed to open stream: No such file or directory', 'C:\\xampp\\htdocs\\tp-maxigim\\app\\Views\\inc\\productos.php', 2)
 2 APPPATH\Views\inc\productos.php(2): include()
 3 APPPATH\Views\productos.php(5): require_once('C:\\xampp\\htdocs\\tp-maxigim\\app\\Views\\inc\\productos.php')
 4 SYSTEMPATH\View\View.php(213): include('C:\\xampp\\htdocs\\tp-maxigim\\app\\Views\\productos.php')
 5 SYSTEMPATH\View\View.php(216): CodeIgniter\View\View->CodeIgniter\View\{closure}()
 6 SYSTEMPATH\Common.php(1184): CodeIgniter\View\View->render('productos', [], true)
 7 APPPATH\Controllers\Home.php(53): view('productos')
 8 SYSTEMPATH\CodeIgniter.php(934): App\Controllers\Home->products()
 9 SYSTEMPATH\CodeIgniter.php(499): CodeIgniter\CodeIgniter->runController(Object(App\Controllers\Home))
10 SYSTEMPATH\CodeIgniter.php(368): CodeIgniter\CodeIgniter->handleRequest(null, Object(Config\Cache), false)
11 FCPATH\index.php(67): CodeIgniter\CodeIgniter->run()
CRITICAL - 2023-04-22 03:27:55 --> include(./views/inc/products/products.php): Failed to open stream: No such file or directory
in APPPATH\Views\inc\productos.php on line 2.
 1 APPPATH\Views\inc\productos.php(2): CodeIgniter\Debug\Exceptions->errorHandler(2, 'include(./views/inc/products/products.php): Failed to open stream: No such file or directory', 'C:\\xampp\\htdocs\\tp-maxigim\\app\\Views\\inc\\productos.php', 2)
 2 APPPATH\Views\inc\productos.php(2): include()
 3 APPPATH\Views\productos.php(5): require_once('C:\\xampp\\htdocs\\tp-maxigim\\app\\Views\\inc\\productos.php')
 4 SYSTEMPATH\View\View.php(213): include('C:\\xampp\\htdocs\\tp-maxigim\\app\\Views\\productos.php')
 5 SYSTEMPATH\View\View.php(216): CodeIgniter\View\View->CodeIgniter\View\{closure}()
 6 SYSTEMPATH\Common.php(1184): CodeIgniter\View\View->render('productos', [], true)
 7 APPPATH\Controllers\Home.php(53): view('productos')
 8 SYSTEMPATH\CodeIgniter.php(934): App\Controllers\Home->products()
 9 SYSTEMPATH\CodeIgniter.php(499): CodeIgniter\CodeIgniter->runController(Object(App\Controllers\Home))
10 SYSTEMPATH\CodeIgniter.php(368): CodeIgniter\CodeIgniter->handleRequest(null, Object(Config\Cache), false)
11 FCPATH\index.php(67): CodeIgniter\CodeIgniter->run()
CRITICAL - 2023-04-22 03:27:59 --> include(./views/inc/products/products.php): Failed to open stream: No such file or directory
in APPPATH\Views\inc\productos.php on line 2.
 1 APPPATH\Views\inc\productos.php(2): CodeIgniter\Debug\Exceptions->errorHandler(2, 'include(./views/inc/products/products.php): Failed to open stream: No such file or directory', 'C:\\xampp\\htdocs\\tp-maxigim\\app\\Views\\inc\\productos.php', 2)
 2 APPPATH\Views\inc\productos.php(2): include()
 3 APPPATH\Views\productos.php(5): require_once('C:\\xampp\\htdocs\\tp-maxigim\\app\\Views\\inc\\productos.php')
 4 SYSTEMPATH\View\View.php(213): include('C:\\xampp\\htdocs\\tp-maxigim\\app\\Views\\productos.php')
 5 SYSTEMPATH\View\View.php(216): CodeIgniter\View\View->CodeIgniter\View\{closure}()
 6 SYSTEMPATH\Common.php(1184): CodeIgniter\View\View->render('productos', [], true)
 7 APPPATH\Controllers\Home.php(53): view('productos')
 8 SYSTEMPATH\CodeIgniter.php(934): App\Controllers\Home->products()
 9 SYSTEMPATH\CodeIgniter.php(499): CodeIgniter\CodeIgniter->runController(Object(App\Controllers\Home))
10 SYSTEMPATH\CodeIgniter.php(368): CodeIgniter\CodeIgniter->handleRequest(null, Object(Config\Cache), false)
11 FCPATH\index.php(67): CodeIgniter\CodeIgniter->run()
CRITICAL - 2023-04-22 03:28:48 --> include(./views/inc/products/products.php): Failed to open stream: No such file or directory
in APPPATH\Views\inc\productos.php on line 2.
 1 APPPATH\Views\inc\productos.php(2): CodeIgniter\Debug\Exceptions->errorHandler(2, 'include(./views/inc/products/products.php): Failed to open stream: No such file or directory', 'C:\\xampp\\htdocs\\tp-maxigim\\app\\Views\\inc\\productos.php', 2)
 2 APPPATH\Views\inc\productos.php(2): include()
 3 APPPATH\Views\productos.php(5): require_once('C:\\xampp\\htdocs\\tp-maxigim\\app\\Views\\inc\\productos.php')
 4 SYSTEMPATH\View\View.php(213): include('C:\\xampp\\htdocs\\tp-maxigim\\app\\Views\\productos.php')
 5 SYSTEMPATH\View\View.php(216): CodeIgniter\View\View->CodeIgniter\View\{closure}()
 6 SYSTEMPATH\Common.php(1184): CodeIgniter\View\View->render('productos', [], true)
 7 APPPATH\Controllers\Home.php(53): view('productos')
 8 SYSTEMPATH\CodeIgniter.php(934): App\Controllers\Home->products()
 9 SYSTEMPATH\CodeIgniter.php(499): CodeIgniter\CodeIgniter->runController(Object(App\Controllers\Home))
10 SYSTEMPATH\CodeIgniter.php(368): CodeIgniter\CodeIgniter->handleRequest(null, Object(Config\Cache), false)
11 FCPATH\index.php(67): CodeIgniter\CodeIgniter->run()
CRITICAL - 2023-04-22 03:29:00 --> Undefined variable $categorias
in APPPATH\Views\inc\productos.php on line 18.
 1 APPPATH\Views\inc\productos.php(18): CodeIgniter\Debug\Exceptions->errorHandler(2, 'Undefined variable $categorias', 'C:\\xampp\\htdocs\\tp-maxigim\\app\\Views\\inc\\productos.php', 18)
 2 APPPATH\Views\productos.php(5): require_once('C:\\xampp\\htdocs\\tp-maxigim\\app\\Views\\inc\\productos.php')
 3 SYSTEMPATH\View\View.php(213): include('C:\\xampp\\htdocs\\tp-maxigim\\app\\Views\\productos.php')
 4 SYSTEMPATH\View\View.php(216): CodeIgniter\View\View->CodeIgniter\View\{closure}()
 5 SYSTEMPATH\Common.php(1184): CodeIgniter\View\View->render('productos', [], true)
 6 APPPATH\Controllers\Home.php(53): view('productos')
 7 SYSTEMPATH\CodeIgniter.php(934): App\Controllers\Home->products()
 8 SYSTEMPATH\CodeIgniter.php(499): CodeIgniter\CodeIgniter->runController(Object(App\Controllers\Home))
 9 SYSTEMPATH\CodeIgniter.php(368): CodeIgniter\CodeIgniter->handleRequest(null, Object(Config\Cache), false)
10 FCPATH\index.php(67): CodeIgniter\CodeIgniter->run()
CRITICAL - 2023-04-22 03:29:11 --> Undefined variable $categorias
in APPPATH\Views\inc\productos.php on line 18.
 1 APPPATH\Views\inc\productos.php(18): CodeIgniter\Debug\Exceptions->errorHandler(2, 'Undefined variable $categorias', 'C:\\xampp\\htdocs\\tp-maxigim\\app\\Views\\inc\\productos.php', 18)
 2 APPPATH\Views\productos.php(5): require_once('C:\\xampp\\htdocs\\tp-maxigim\\app\\Views\\inc\\productos.php')
 3 SYSTEMPATH\View\View.php(213): include('C:\\xampp\\htdocs\\tp-maxigim\\app\\Views\\productos.php')
 4 SYSTEMPATH\View\View.php(216): CodeIgniter\View\View->CodeIgniter\View\{closure}()
 5 SYSTEMPATH\Common.php(1184): CodeIgniter\View\View->render('productos', [], true)
 6 APPPATH\Controllers\Home.php(53): view('productos')
 7 SYSTEMPATH\CodeIgniter.php(934): App\Controllers\Home->products()
 8 SYSTEMPATH\CodeIgniter.php(499): CodeIgniter\CodeIgniter->runController(Object(App\Controllers\Home))
 9 SYSTEMPATH\CodeIgniter.php(368): CodeIgniter\CodeIgniter->handleRequest(null, Object(Config\Cache), false)
10 FCPATH\index.php(67): CodeIgniter\CodeIgniter->run()
CRITICAL - 2023-04-22 15:55:23 --> Undefined variable $compras
in APPPATH\Controllers\Home.php on line 51.
 1 APPPATH\Controllers\Home.php(51): CodeIgniter\Debug\Exceptions->errorHandler(2, 'Undefined variable $compras', 'C:\\xampp\\htdocs\\tp-maxigim\\app\\Controllers\\Home.php', 51)
 2 SYSTEMPATH\CodeIgniter.php(934): App\Controllers\Home->products()
 3 SYSTEMPATH\CodeIgniter.php(499): CodeIgniter\CodeIgniter->runController(Object(App\Controllers\Home))
 4 SYSTEMPATH\CodeIgniter.php(368): CodeIgniter\CodeIgniter->handleRequest(null, Object(Config\Cache), false)
 5 FCPATH\index.php(67): CodeIgniter\CodeIgniter->run()
CRITICAL - 2023-04-22 15:55:51 --> include(./products/productos.php): Failed to open stream: No such file or directory
in APPPATH\Controllers\Home.php on line 8.
 1 APPPATH\Controllers\Home.php(8): CodeIgniter\Debug\Exceptions->errorHandler(2, 'include(./products/productos.php): Failed to open stream: No such file or directory', 'C:\\xampp\\htdocs\\tp-maxigim\\app\\Controllers\\Home.php', 8)
 2 APPPATH\Controllers\Home.php(8): include()
 3 SYSTEMPATH\Autoloader\Autoloader.php(312): include_once('C:\\xampp\\htdocs\\tp-maxigim\\app\\Controllers\\Home.php')
 4 SYSTEMPATH\Autoloader\Autoloader.php(289): CodeIgniter\Autoloader\Autoloader->includeFile('C:\\xampp\\htdocs\\tp-maxigim\\app\\Controllers\\Home.php')
 5 SYSTEMPATH\Autoloader\Autoloader.php(267): CodeIgniter\Autoloader\Autoloader->loadInNamespace('App\\Controllers\\Home')
 6 [internal function]: CodeIgniter\Autoloader\Autoloader->loadClass('App\\Controllers\\Home')
 7 SYSTEMPATH\CodeIgniter.php(892): class_exists('\\App\\Controllers\\Home', true)
 8 SYSTEMPATH\CodeIgniter.php(486): CodeIgniter\CodeIgniter->startController()
 9 SYSTEMPATH\CodeIgniter.php(368): CodeIgniter\CodeIgniter->handleRequest(null, Object(Config\Cache), false)
10 FCPATH\index.php(67): CodeIgniter\CodeIgniter->run()
CRITICAL - 2023-04-22 15:56:30 --> include(../Views/inc/products/productos.php): Failed to open stream: No such file or directory
in APPPATH\Controllers\Home.php on line 8.
 1 APPPATH\Controllers\Home.php(8): CodeIgniter\Debug\Exceptions->errorHandler(2, 'include(../Views/inc/products/productos.php): Failed to open stream: No such file or directory', 'C:\\xampp\\htdocs\\tp-maxigim\\app\\Controllers\\Home.php', 8)
 2 APPPATH\Controllers\Home.php(8): include()
 3 SYSTEMPATH\Autoloader\Autoloader.php(312): include_once('C:\\xampp\\htdocs\\tp-maxigim\\app\\Controllers\\Home.php')
 4 SYSTEMPATH\Autoloader\Autoloader.php(289): CodeIgniter\Autoloader\Autoloader->includeFile('C:\\xampp\\htdocs\\tp-maxigim\\app\\Controllers\\Home.php')
 5 SYSTEMPATH\Autoloader\Autoloader.php(267): CodeIgniter\Autoloader\Autoloader->loadInNamespace('App\\Controllers\\Home')
 6 [internal function]: CodeIgniter\Autoloader\Autoloader->loadClass('App\\Controllers\\Home')
 7 SYSTEMPATH\CodeIgniter.php(892): class_exists('\\App\\Controllers\\Home', true)
 8 SYSTEMPATH\CodeIgniter.php(486): CodeIgniter\CodeIgniter->startController()
 9 SYSTEMPATH\CodeIgniter.php(368): CodeIgniter\CodeIgniter->handleRequest(null, Object(Config\Cache), false)
10 FCPATH\index.php(67): CodeIgniter\CodeIgniter->run()
CRITICAL - 2023-04-22 15:57:16 --> include(../../Views/inc/products/productos.php): Failed to open stream: No such file or directory
in APPPATH\Controllers\Home.php on line 8.
 1 APPPATH\Controllers\Home.php(8): CodeIgniter\Debug\Exceptions->errorHandler(2, 'include(../../Views/inc/products/productos.php): Failed to open stream: No such file or directory', 'C:\\xampp\\htdocs\\tp-maxigim\\app\\Controllers\\Home.php', 8)
 2 APPPATH\Controllers\Home.php(8): include()
 3 SYSTEMPATH\Autoloader\Autoloader.php(312): include_once('C:\\xampp\\htdocs\\tp-maxigim\\app\\Controllers\\Home.php')
 4 SYSTEMPATH\Autoloader\Autoloader.php(289): CodeIgniter\Autoloader\Autoloader->includeFile('C:\\xampp\\htdocs\\tp-maxigim\\app\\Controllers\\Home.php')
 5 SYSTEMPATH\Autoloader\Autoloader.php(267): CodeIgniter\Autoloader\Autoloader->loadInNamespace('App\\Controllers\\Home')
 6 [internal function]: CodeIgniter\Autoloader\Autoloader->loadClass('App\\Controllers\\Home')
 7 SYSTEMPATH\CodeIgniter.php(892): class_exists('\\App\\Controllers\\Home', true)
 8 SYSTEMPATH\CodeIgniter.php(486): CodeIgniter\CodeIgniter->startController()
 9 SYSTEMPATH\CodeIgniter.php(368): CodeIgniter\CodeIgniter->handleRequest(null, Object(Config\Cache), false)
10 FCPATH\index.php(67): CodeIgniter\CodeIgniter->run()
CRITICAL - 2023-04-22 16:00:57 --> Undefined variable $compras
in APPPATH\Controllers\Home.php on line 51.
 1 APPPATH\Controllers\Home.php(51): CodeIgniter\Debug\Exceptions->errorHandler(2, 'Undefined variable $compras', 'C:\\xampp\\htdocs\\tp-maxigim\\app\\Controllers\\Home.php', 51)
 2 SYSTEMPATH\CodeIgniter.php(934): App\Controllers\Home->products()
 3 SYSTEMPATH\CodeIgniter.php(499): CodeIgniter\CodeIgniter->runController(Object(App\Controllers\Home))
 4 SYSTEMPATH\CodeIgniter.php(368): CodeIgniter\CodeIgniter->handleRequest(null, Object(Config\Cache), false)
 5 FCPATH\index.php(67): CodeIgniter\CodeIgniter->run()
CRITICAL - 2023-04-22 16:21:02 --> include(./products/productos.php): Failed to open stream: No such file or directory
in APPPATH\Views\inc\productos.php on line 3.
 1 APPPATH\Views\inc\productos.php(3): CodeIgniter\Debug\Exceptions->errorHandler(2, 'include(./products/productos.php): Failed to open stream: No such file or directory', 'C:\\xampp\\htdocs\\tp-maxigim\\app\\Views\\inc\\productos.php', 3)
 2 APPPATH\Views\inc\productos.php(3): include()
 3 APPPATH\Views\productos.php(5): require_once('C:\\xampp\\htdocs\\tp-maxigim\\app\\Views\\inc\\productos.php')
 4 SYSTEMPATH\View\View.php(213): include('C:\\xampp\\htdocs\\tp-maxigim\\app\\Views\\productos.php')
 5 SYSTEMPATH\View\View.php(216): CodeIgniter\View\View->CodeIgniter\View\{closure}()
 6 SYSTEMPATH\Common.php(1184): CodeIgniter\View\View->render('productos', [], true)
 7 APPPATH\Controllers\Home.php(51): view('productos', [...])
 8 SYSTEMPATH\CodeIgniter.php(934): App\Controllers\Home->products()
 9 SYSTEMPATH\CodeIgniter.php(499): CodeIgniter\CodeIgniter->runController(Object(App\Controllers\Home))
10 SYSTEMPATH\CodeIgniter.php(368): CodeIgniter\CodeIgniter->handleRequest(null, Object(Config\Cache), false)
11 FCPATH\index.php(67): CodeIgniter\CodeIgniter->run()
CRITICAL - 2023-04-22 16:21:17 --> include(../products/productos.php): Failed to open stream: No such file or directory
in APPPATH\Views\inc\productos.php on line 3.
 1 APPPATH\Views\inc\productos.php(3): CodeIgniter\Debug\Exceptions->errorHandler(2, 'include(../products/productos.php): Failed to open stream: No such file or directory', 'C:\\xampp\\htdocs\\tp-maxigim\\app\\Views\\inc\\productos.php', 3)
 2 APPPATH\Views\inc\productos.php(3): include()
 3 APPPATH\Views\productos.php(5): require_once('C:\\xampp\\htdocs\\tp-maxigim\\app\\Views\\inc\\productos.php')
 4 SYSTEMPATH\View\View.php(213): include('C:\\xampp\\htdocs\\tp-maxigim\\app\\Views\\productos.php')
 5 SYSTEMPATH\View\View.php(216): CodeIgniter\View\View->CodeIgniter\View\{closure}()
 6 SYSTEMPATH\Common.php(1184): CodeIgniter\View\View->render('productos', [], true)
 7 APPPATH\Controllers\Home.php(51): view('productos', [...])
 8 SYSTEMPATH\CodeIgniter.php(934): App\Controllers\Home->products()
 9 SYSTEMPATH\CodeIgniter.php(499): CodeIgniter\CodeIgniter->runController(Object(App\Controllers\Home))
10 SYSTEMPATH\CodeIgniter.php(368): CodeIgniter\CodeIgniter->handleRequest(null, Object(Config\Cache), false)
11 FCPATH\index.php(67): CodeIgniter\CodeIgniter->run()
CRITICAL - 2023-04-22 16:22:03 --> include(app\Views\inc\products\productos.php): Failed to open stream: No such file or directory
in APPPATH\Views\inc\productos.php on line 3.
 1 APPPATH\Views\inc\productos.php(3): CodeIgniter\Debug\Exceptions->errorHandler(2, 'include(app\\Views\\inc\\products\\productos.php): Failed to open stream: No such file or directory', 'C:\\xampp\\htdocs\\tp-maxigim\\app\\Views\\inc\\productos.php', 3)
 2 APPPATH\Views\inc\productos.php(3): include()
 3 APPPATH\Views\productos.php(5): require_once('C:\\xampp\\htdocs\\tp-maxigim\\app\\Views\\inc\\productos.php')
 4 SYSTEMPATH\View\View.php(213): include('C:\\xampp\\htdocs\\tp-maxigim\\app\\Views\\productos.php')
 5 SYSTEMPATH\View\View.php(216): CodeIgniter\View\View->CodeIgniter\View\{closure}()
 6 SYSTEMPATH\Common.php(1184): CodeIgniter\View\View->render('productos', [], true)
 7 APPPATH\Controllers\Home.php(51): view('productos', [...])
 8 SYSTEMPATH\CodeIgniter.php(934): App\Controllers\Home->products()
 9 SYSTEMPATH\CodeIgniter.php(499): CodeIgniter\CodeIgniter->runController(Object(App\Controllers\Home))
10 SYSTEMPATH\CodeIgniter.php(368): CodeIgniter\CodeIgniter->handleRequest(null, Object(Config\Cache), false)
11 FCPATH\index.php(67): CodeIgniter\CodeIgniter->run()
CRITICAL - 2023-04-22 22:11:16 --> Undefined array key "imagen"
in APPPATH\Views\inc\productos.php on line 29.
 1 APPPATH\Views\inc\productos.php(29): CodeIgniter\Debug\Exceptions->errorHandler(2, 'Undefined array key "imagen"', 'C:\\xampp\\htdocs\\tp-maxigim\\app\\Views\\inc\\productos.php', 29)
 2 APPPATH\Views\productos.php(5): require_once('C:\\xampp\\htdocs\\tp-maxigim\\app\\Views\\inc\\productos.php')
 3 SYSTEMPATH\View\View.php(213): include('C:\\xampp\\htdocs\\tp-maxigim\\app\\Views\\productos.php')
 4 SYSTEMPATH\View\View.php(216): CodeIgniter\View\View->CodeIgniter\View\{closure}()
 5 SYSTEMPATH\Common.php(1184): CodeIgniter\View\View->render('productos', [], true)
 6 APPPATH\Controllers\Home.php(51): view('productos', [...])
 7 SYSTEMPATH\CodeIgniter.php(934): App\Controllers\Home->products()
 8 SYSTEMPATH\CodeIgniter.php(499): CodeIgniter\CodeIgniter->runController(Object(App\Controllers\Home))
 9 SYSTEMPATH\CodeIgniter.php(368): CodeIgniter\CodeIgniter->handleRequest(null, Object(Config\Cache), false)
10 FCPATH\index.php(67): CodeIgniter\CodeIgniter->run()
CRITICAL - 2023-04-22 22:48:01 --> Undefined array key "imagen"
in APPPATH\Views\inc\productos.php on line 31.
 1 APPPATH\Views\inc\productos.php(31): CodeIgniter\Debug\Exceptions->errorHandler(2, 'Undefined array key "imagen"', 'C:\\xampp\\htdocs\\tp-maxigim\\app\\Views\\inc\\productos.php', 31)
 2 APPPATH\Views\productos.php(5): require_once('C:\\xampp\\htdocs\\tp-maxigim\\app\\Views\\inc\\productos.php')
 3 SYSTEMPATH\View\View.php(213): include('C:\\xampp\\htdocs\\tp-maxigim\\app\\Views\\productos.php')
 4 SYSTEMPATH\View\View.php(216): CodeIgniter\View\View->CodeIgniter\View\{closure}()
 5 SYSTEMPATH\Common.php(1184): CodeIgniter\View\View->render('productos', [], true)
 6 APPPATH\Controllers\Home.php(51): view('productos', [...])
 7 SYSTEMPATH\CodeIgniter.php(934): App\Controllers\Home->products()
 8 SYSTEMPATH\CodeIgniter.php(499): CodeIgniter\CodeIgniter->runController(Object(App\Controllers\Home))
 9 SYSTEMPATH\CodeIgniter.php(368): CodeIgniter\CodeIgniter->handleRequest(null, Object(Config\Cache), false)
10 FCPATH\index.php(67): CodeIgniter\CodeIgniter->run()
CRITICAL - 2023-04-22 22:58:05 --> include(C:\xampp\htdocs\tp-maxigim\app\Views\inc\products\carouselBoundle.js): Failed to open stream: No such file or directory
in APPPATH\Views\inc\productos.php on line 4.
 1 APPPATH\Views\inc\productos.php(4): CodeIgniter\Debug\Exceptions->errorHandler(2, 'include(C:\\xampp\\htdocs\\tp-maxigim\\app\\Views\\inc\\products\\carouselBoundle.js): Failed to open stream: No such file or directory', 'C:\\xampp\\htdocs\\tp-maxigim\\app\\Views\\inc\\productos.php', 4)
 2 APPPATH\Views\inc\productos.php(4): include()
 3 APPPATH\Views\productos.php(5): require_once('C:\\xampp\\htdocs\\tp-maxigim\\app\\Views\\inc\\productos.php')
 4 SYSTEMPATH\View\View.php(213): include('C:\\xampp\\htdocs\\tp-maxigim\\app\\Views\\productos.php')
 5 SYSTEMPATH\View\View.php(216): CodeIgniter\View\View->CodeIgniter\View\{closure}()
 6 SYSTEMPATH\Common.php(1184): CodeIgniter\View\View->render('productos', [], true)
 7 APPPATH\Controllers\Home.php(51): view('productos', [...])
 8 SYSTEMPATH\CodeIgniter.php(934): App\Controllers\Home->products()
 9 SYSTEMPATH\CodeIgniter.php(499): CodeIgniter\CodeIgniter->runController(Object(App\Controllers\Home))
10 SYSTEMPATH\CodeIgniter.php(368): CodeIgniter\CodeIgniter->handleRequest(null, Object(Config\Cache), false)
11 FCPATH\index.php(67): CodeIgniter\CodeIgniter->run()
CRITICAL - 2023-04-22 23:09:23 --> Undefined variable $categoria
in APPPATH\Views\inc\productos.php on line 22.
 1 APPPATH\Views\inc\productos.php(22): CodeIgniter\Debug\Exceptions->errorHandler(2, 'Undefined variable $categoria', 'C:\\xampp\\htdocs\\tp-maxigim\\app\\Views\\inc\\productos.php', 22)
 2 APPPATH\Views\productos.php(5): require_once('C:\\xampp\\htdocs\\tp-maxigim\\app\\Views\\inc\\productos.php')
 3 SYSTEMPATH\View\View.php(213): include('C:\\xampp\\htdocs\\tp-maxigim\\app\\Views\\productos.php')
 4 SYSTEMPATH\View\View.php(216): CodeIgniter\View\View->CodeIgniter\View\{closure}()
 5 SYSTEMPATH\Common.php(1184): CodeIgniter\View\View->render('productos', [], true)
 6 APPPATH\Controllers\Home.php(51): view('productos', [...])
 7 SYSTEMPATH\CodeIgniter.php(934): App\Controllers\Home->products()
 8 SYSTEMPATH\CodeIgniter.php(499): CodeIgniter\CodeIgniter->runController(Object(App\Controllers\Home))
 9 SYSTEMPATH\CodeIgniter.php(368): CodeIgniter\CodeIgniter->handleRequest(null, Object(Config\Cache), false)
10 FCPATH\index.php(67): CodeIgniter\CodeIgniter->run()
CRITICAL - 2023-04-22 23:17:26 --> Undefined variable $loop
in APPPATH\Views\inc\productos.php on line 38.
 1 APPPATH\Views\inc\productos.php(38): CodeIgniter\Debug\Exceptions->errorHandler(2, 'Undefined variable $loop', 'C:\\xampp\\htdocs\\tp-maxigim\\app\\Views\\inc\\productos.php', 38)
 2 APPPATH\Views\productos.php(5): require_once('C:\\xampp\\htdocs\\tp-maxigim\\app\\Views\\inc\\productos.php')
 3 SYSTEMPATH\View\View.php(213): include('C:\\xampp\\htdocs\\tp-maxigim\\app\\Views\\productos.php')
 4 SYSTEMPATH\View\View.php(216): CodeIgniter\View\View->CodeIgniter\View\{closure}()
 5 SYSTEMPATH\Common.php(1184): CodeIgniter\View\View->render('productos', [], true)
 6 APPPATH\Controllers\Home.php(51): view('productos', [...])
 7 SYSTEMPATH\CodeIgniter.php(934): App\Controllers\Home->products()
 8 SYSTEMPATH\CodeIgniter.php(499): CodeIgniter\CodeIgniter->runController(Object(App\Controllers\Home))
 9 SYSTEMPATH\CodeIgniter.php(368): CodeIgniter\CodeIgniter->handleRequest(null, Object(Config\Cache), false)
10 FCPATH\index.php(67): CodeIgniter\CodeIgniter->run()
