CRITICAL - 2023-04-19 12:57:46 --> syntax error, unexpected ','
in APPPATH\Controllers\Home.php on line 9.
 1 SYSTEMPATH\Autoloader\Autoloader.php(289): CodeIgniter\Autoloader\Autoloader->includeFile('C:\\xampp\\htdocs\\tp-maxigim\\app\\Controllers\\Home.php')
 2 SYSTEMPATH\Autoloader\Autoloader.php(267): CodeIgniter\Autoloader\Autoloader->loadInNamespace('App\\Controllers\\Home')
 3 [internal function]: CodeIgniter\Autoloader\Autoloader->loadClass('App\\Controllers\\Home')
 4 [internal function]: spl_autoload_call('App\\Controllers\\Home')
 5 SYSTEMPATH\CodeIgniter.php(892): class_exists('\\App\\Controllers\\Home', true)
 6 SYSTEMPATH\CodeIgniter.php(486): CodeIgniter\CodeIgniter->startController()
 7 SYSTEMPATH\CodeIgniter.php(368): CodeIgniter\CodeIgniter->handleRequest(null, Object(Config\Cache), false)
 8 FCPATH\index.php(67): CodeIgniter\CodeIgniter->run()
CRITICAL - 2023-04-19 12:57:58 --> syntax error, unexpected 'return' (T_RETURN)
in APPPATH\Controllers\Home.php on line 36.
 1 SYSTEMPATH\Autoloader\Autoloader.php(289): CodeIgniter\Autoloader\Autoloader->includeFile('C:\\xampp\\htdocs\\tp-maxigim\\app\\Controllers\\Home.php')
 2 SYSTEMPATH\Autoloader\Autoloader.php(267): CodeIgniter\Autoloader\Autoloader->loadInNamespace('App\\Controllers\\Home')
 3 [internal function]: CodeIgniter\Autoloader\Autoloader->loadClass('App\\Controllers\\Home')
 4 [internal function]: spl_autoload_call('App\\Controllers\\Home')
 5 SYSTEMPATH\CodeIgniter.php(892): class_exists('\\App\\Controllers\\Home', true)
 6 SYSTEMPATH\CodeIgniter.php(486): CodeIgniter\CodeIgniter->startController()
 7 SYSTEMPATH\CodeIgniter.php(368): CodeIgniter\CodeIgniter->handleRequest(null, Object(Config\Cache), false)
 8 FCPATH\index.php(67): CodeIgniter\CodeIgniter->run()
CRITICAL - 2023-04-19 12:58:13 --> Cannot redeclare App\Controllers\Home::index()
in APPPATH\Controllers\Home.php on line 17.
 1 [internal function]: CodeIgniter\Debug\Exceptions->shutdownHandler()
CRITICAL - 2023-04-19 12:58:32 --> Undefined variable: titulo
in APPPATH\Views\inc\navbar.php on line 2.
 1 APPPATH\Views\inc\navbar.php(2): CodeIgniter\Debug\Exceptions->errorHandler(8, 'Undefined variable: titulo', 'C:\\xampp\\htdocs\\tp-maxigim\\app\\Views\\inc\\navbar.php', 2, [])
 2 APPPATH\Views\comercializacion.php(2): require_once('C:\\xampp\\htdocs\\tp-maxigim\\app\\Views\\inc\\navbar.php')
 3 SYSTEMPATH\View\View.php(213): include('C:\\xampp\\htdocs\\tp-maxigim\\app\\Views\\comercializacion.php')
 4 SYSTEMPATH\View\View.php(216): CodeIgniter\View\View->CodeIgniter\View\{closure}()
 5 SYSTEMPATH\Common.php(1184): CodeIgniter\View\View->render('comercializacion', [], true)
 6 APPPATH\Controllers\Home.php(32): view('comercializacion')
 7 SYSTEMPATH\CodeIgniter.php(934): App\Controllers\Home->comercializacion()
 8 SYSTEMPATH\CodeIgniter.php(499): CodeIgniter\CodeIgniter->runController(Object(App\Controllers\Home))
 9 SYSTEMPATH\CodeIgniter.php(368): CodeIgniter\CodeIgniter->handleRequest(null, Object(Config\Cache), false)
10 FCPATH\index.php(67): CodeIgniter\CodeIgniter->run()
CRITICAL - 2023-04-19 12:58:53 --> Undefined variable: data
in APPPATH\Views\inc\navbar.php on line 2.
 1 APPPATH\Views\inc\navbar.php(2): CodeIgniter\Debug\Exceptions->errorHandler(8, 'Undefined variable: data', 'C:\\xampp\\htdocs\\tp-maxigim\\app\\Views\\inc\\navbar.php', 2, [])
 2 APPPATH\Views\comercializacion.php(2): require_once('C:\\xampp\\htdocs\\tp-maxigim\\app\\Views\\inc\\navbar.php')
 3 SYSTEMPATH\View\View.php(213): include('C:\\xampp\\htdocs\\tp-maxigim\\app\\Views\\comercializacion.php')
 4 SYSTEMPATH\View\View.php(216): CodeIgniter\View\View->CodeIgniter\View\{closure}()
 5 SYSTEMPATH\Common.php(1184): CodeIgniter\View\View->render('comercializacion', [], true)
 6 APPPATH\Controllers\Home.php(32): view('comercializacion')
 7 SYSTEMPATH\CodeIgniter.php(934): App\Controllers\Home->comercializacion()
 8 SYSTEMPATH\CodeIgniter.php(499): CodeIgniter\CodeIgniter->runController(Object(App\Controllers\Home))
 9 SYSTEMPATH\CodeIgniter.php(368): CodeIgniter\CodeIgniter->handleRequest(null, Object(Config\Cache), false)
10 FCPATH\index.php(67): CodeIgniter\CodeIgniter->run()
CRITICAL - 2023-04-19 12:59:08 --> Undefined variable: data
in APPPATH\Views\inc\navbar.php on line 2.
 1 APPPATH\Views\inc\navbar.php(2): CodeIgniter\Debug\Exceptions->errorHandler(8, 'Undefined variable: data', 'C:\\xampp\\htdocs\\tp-maxigim\\app\\Views\\inc\\navbar.php', 2, [])
 2 APPPATH\Views\comercializacion.php(2): require_once('C:\\xampp\\htdocs\\tp-maxigim\\app\\Views\\inc\\navbar.php')
 3 SYSTEMPATH\View\View.php(213): include('C:\\xampp\\htdocs\\tp-maxigim\\app\\Views\\comercializacion.php')
 4 SYSTEMPATH\View\View.php(216): CodeIgniter\View\View->CodeIgniter\View\{closure}()
 5 SYSTEMPATH\Common.php(1184): CodeIgniter\View\View->render('comercializacion', [], true)
 6 APPPATH\Controllers\Home.php(32): view('comercializacion')
 7 SYSTEMPATH\CodeIgniter.php(934): App\Controllers\Home->comercializacion()
 8 SYSTEMPATH\CodeIgniter.php(499): CodeIgniter\CodeIgniter->runController(Object(App\Controllers\Home))
 9 SYSTEMPATH\CodeIgniter.php(368): CodeIgniter\CodeIgniter->handleRequest(null, Object(Config\Cache), false)
10 FCPATH\index.php(67): CodeIgniter\CodeIgniter->run()
CRITICAL - 2023-04-19 12:59:20 --> Undefined variable: data
in APPPATH\Views\inc\navbar.php on line 2.
 1 APPPATH\Views\inc\navbar.php(2): CodeIgniter\Debug\Exceptions->errorHandler(8, 'Undefined variable: data', 'C:\\xampp\\htdocs\\tp-maxigim\\app\\Views\\inc\\navbar.php', 2, [])
 2 APPPATH\Views\comercializacion.php(2): require_once('C:\\xampp\\htdocs\\tp-maxigim\\app\\Views\\inc\\navbar.php')
 3 SYSTEMPATH\View\View.php(213): include('C:\\xampp\\htdocs\\tp-maxigim\\app\\Views\\comercializacion.php')
 4 SYSTEMPATH\View\View.php(216): CodeIgniter\View\View->CodeIgniter\View\{closure}()
 5 SYSTEMPATH\Common.php(1184): CodeIgniter\View\View->render('comercializacion', [], true)
 6 APPPATH\Controllers\Home.php(32): view('comercializacion')
 7 SYSTEMPATH\CodeIgniter.php(934): App\Controllers\Home->comercializacion()
 8 SYSTEMPATH\CodeIgniter.php(499): CodeIgniter\CodeIgniter->runController(Object(App\Controllers\Home))
 9 SYSTEMPATH\CodeIgniter.php(368): CodeIgniter\CodeIgniter->handleRequest(null, Object(Config\Cache), false)
10 FCPATH\index.php(67): CodeIgniter\CodeIgniter->run()
CRITICAL - 2023-04-19 13:00:27 --> Undefined variable: data
in APPPATH\Views\inc\navbar.php on line 2.
 1 APPPATH\Views\inc\navbar.php(2): CodeIgniter\Debug\Exceptions->errorHandler(8, 'Undefined variable: data', 'C:\\xampp\\htdocs\\tp-maxigim\\app\\Views\\inc\\navbar.php', 2, [])
 2 APPPATH\Views\comercializacion.php(2): require_once('C:\\xampp\\htdocs\\tp-maxigim\\app\\Views\\inc\\navbar.php')
 3 SYSTEMPATH\View\View.php(213): include('C:\\xampp\\htdocs\\tp-maxigim\\app\\Views\\comercializacion.php')
 4 SYSTEMPATH\View\View.php(216): CodeIgniter\View\View->CodeIgniter\View\{closure}()
 5 SYSTEMPATH\Common.php(1184): CodeIgniter\View\View->render('comercializacion', [], true)
 6 APPPATH\Controllers\Home.php(32): view('comercializacion')
 7 SYSTEMPATH\CodeIgniter.php(934): App\Controllers\Home->comercializacion()
 8 SYSTEMPATH\CodeIgniter.php(499): CodeIgniter\CodeIgniter->runController(Object(App\Controllers\Home))
 9 SYSTEMPATH\CodeIgniter.php(368): CodeIgniter\CodeIgniter->handleRequest(null, Object(Config\Cache), false)
10 FCPATH\index.php(67): CodeIgniter\CodeIgniter->run()
CRITICAL - 2023-04-19 13:05:31 --> Undefined variable: data
in APPPATH\Views\inc\navbar.php on line 2.
 1 APPPATH\Views\inc\navbar.php(2): CodeIgniter\Debug\Exceptions->errorHandler(8, 'Undefined variable: data', 'C:\\xampp\\htdocs\\tp-maxigim\\app\\Views\\inc\\navbar.php', 2, [])
 2 APPPATH\Views\comercializacion.php(2): require_once('C:\\xampp\\htdocs\\tp-maxigim\\app\\Views\\inc\\navbar.php')
 3 SYSTEMPATH\View\View.php(213): include('C:\\xampp\\htdocs\\tp-maxigim\\app\\Views\\comercializacion.php')
 4 SYSTEMPATH\View\View.php(216): CodeIgniter\View\View->CodeIgniter\View\{closure}()
 5 SYSTEMPATH\Common.php(1184): CodeIgniter\View\View->render('comercializacion', [], true)
 6 APPPATH\Controllers\Home.php(32): view('comercializacion')
 7 SYSTEMPATH\CodeIgniter.php(934): App\Controllers\Home->comercializacion()
 8 SYSTEMPATH\CodeIgniter.php(499): CodeIgniter\CodeIgniter->runController(Object(App\Controllers\Home))
 9 SYSTEMPATH\CodeIgniter.php(368): CodeIgniter\CodeIgniter->handleRequest(null, Object(Config\Cache), false)
10 FCPATH\index.php(67): CodeIgniter\CodeIgniter->run()
CRITICAL - 2023-04-19 13:06:12 --> Undefined variable: data
in APPPATH\Views\inc\navbar.php on line 2.
 1 APPPATH\Views\inc\navbar.php(2): CodeIgniter\Debug\Exceptions->errorHandler(8, 'Undefined variable: data', 'C:\\xampp\\htdocs\\tp-maxigim\\app\\Views\\inc\\navbar.php', 2, [])
 2 APPPATH\Views\comercializacion.php(2): require_once('C:\\xampp\\htdocs\\tp-maxigim\\app\\Views\\inc\\navbar.php')
 3 SYSTEMPATH\View\View.php(213): include('C:\\xampp\\htdocs\\tp-maxigim\\app\\Views\\comercializacion.php')
 4 SYSTEMPATH\View\View.php(216): CodeIgniter\View\View->CodeIgniter\View\{closure}()
 5 SYSTEMPATH\Common.php(1184): CodeIgniter\View\View->render('comercializacion', [], true)
 6 APPPATH\Controllers\Home.php(32): view('comercializacion')
 7 SYSTEMPATH\CodeIgniter.php(934): App\Controllers\Home->comercializacion()
 8 SYSTEMPATH\CodeIgniter.php(499): CodeIgniter\CodeIgniter->runController(Object(App\Controllers\Home))
 9 SYSTEMPATH\CodeIgniter.php(368): CodeIgniter\CodeIgniter->handleRequest(null, Object(Config\Cache), false)
10 FCPATH\index.php(67): CodeIgniter\CodeIgniter->run()
CRITICAL - 2023-04-19 13:07:33 --> Undefined variable: data
in APPPATH\Views\inc\navbar.php on line 3.
 1 APPPATH\Views\inc\navbar.php(3): CodeIgniter\Debug\Exceptions->errorHandler(8, 'Undefined variable: data', 'C:\\xampp\\htdocs\\tp-maxigim\\app\\Views\\inc\\navbar.php', 3, [])
 2 APPPATH\Views\comercializacion.php(2): require_once('C:\\xampp\\htdocs\\tp-maxigim\\app\\Views\\inc\\navbar.php')
 3 SYSTEMPATH\View\View.php(213): include('C:\\xampp\\htdocs\\tp-maxigim\\app\\Views\\comercializacion.php')
 4 SYSTEMPATH\View\View.php(216): CodeIgniter\View\View->CodeIgniter\View\{closure}()
 5 SYSTEMPATH\Common.php(1184): CodeIgniter\View\View->render('comercializacion', [], true)
 6 APPPATH\Controllers\Home.php(32): view('comercializacion')
 7 SYSTEMPATH\CodeIgniter.php(934): App\Controllers\Home->comercializacion()
 8 SYSTEMPATH\CodeIgniter.php(499): CodeIgniter\CodeIgniter->runController(Object(App\Controllers\Home))
 9 SYSTEMPATH\CodeIgniter.php(368): CodeIgniter\CodeIgniter->handleRequest(null, Object(Config\Cache), false)
10 FCPATH\index.php(67): CodeIgniter\CodeIgniter->run()
CRITICAL - 2023-04-19 13:08:06 --> Undefined variable: data
in APPPATH\Views\inc\navbar.php on line 3.
 1 APPPATH\Views\inc\navbar.php(3): CodeIgniter\Debug\Exceptions->errorHandler(8, 'Undefined variable: data', 'C:\\xampp\\htdocs\\tp-maxigim\\app\\Views\\inc\\navbar.php', 3, [])
 2 APPPATH\Views\comercializacion.php(2): require_once('C:\\xampp\\htdocs\\tp-maxigim\\app\\Views\\inc\\navbar.php')
 3 SYSTEMPATH\View\View.php(213): include('C:\\xampp\\htdocs\\tp-maxigim\\app\\Views\\comercializacion.php')
 4 SYSTEMPATH\View\View.php(216): CodeIgniter\View\View->CodeIgniter\View\{closure}()
 5 SYSTEMPATH\Common.php(1184): CodeIgniter\View\View->render('comercializacion', [], true)
 6 APPPATH\Controllers\Home.php(32): view('comercializacion')
 7 SYSTEMPATH\CodeIgniter.php(934): App\Controllers\Home->comercializacion()
 8 SYSTEMPATH\CodeIgniter.php(499): CodeIgniter\CodeIgniter->runController(Object(App\Controllers\Home))
 9 SYSTEMPATH\CodeIgniter.php(368): CodeIgniter\CodeIgniter->handleRequest(null, Object(Config\Cache), false)
10 FCPATH\index.php(67): CodeIgniter\CodeIgniter->run()
CRITICAL - 2023-04-19 13:08:16 --> Undefined variable: data
in APPPATH\Views\inc\navbar.php on line 3.
 1 APPPATH\Views\inc\navbar.php(3): CodeIgniter\Debug\Exceptions->errorHandler(8, 'Undefined variable: data', 'C:\\xampp\\htdocs\\tp-maxigim\\app\\Views\\inc\\navbar.php', 3, [])
 2 APPPATH\Views\comercializacion.php(2): require_once('C:\\xampp\\htdocs\\tp-maxigim\\app\\Views\\inc\\navbar.php')
 3 SYSTEMPATH\View\View.php(213): include('C:\\xampp\\htdocs\\tp-maxigim\\app\\Views\\comercializacion.php')
 4 SYSTEMPATH\View\View.php(216): CodeIgniter\View\View->CodeIgniter\View\{closure}()
 5 SYSTEMPATH\Common.php(1184): CodeIgniter\View\View->render('comercializacion', [], true)
 6 APPPATH\Controllers\Home.php(32): view('comercializacion')
 7 SYSTEMPATH\CodeIgniter.php(934): App\Controllers\Home->comercializacion()
 8 SYSTEMPATH\CodeIgniter.php(499): CodeIgniter\CodeIgniter->runController(Object(App\Controllers\Home))
 9 SYSTEMPATH\CodeIgniter.php(368): CodeIgniter\CodeIgniter->handleRequest(null, Object(Config\Cache), false)
10 FCPATH\index.php(67): CodeIgniter\CodeIgniter->run()
