INFO - 2023-08-08 10:41:22 --> Session: Class initialized using 'CodeIgniter\Session\Handlers\FileHandler' driver.
INFO - 2023-08-08 10:41:40 --> Session: Class initialized using 'CodeIgniter\Session\Handlers\FileHandler' driver.
INFO - 2023-08-08 10:41:48 --> Session: Class initialized using 'CodeIgniter\Session\Handlers\FileHandler' driver.
INFO - 2023-08-08 10:41:48 --> Session: Class initialized using 'CodeIgniter\Session\Handlers\FileHandler' driver.
INFO - 2023-08-08 10:41:53 --> Session: Class initialized using 'CodeIgniter\Session\Handlers\FileHandler' driver.
INFO - 2023-08-08 10:41:59 --> Session: Class initialized using 'CodeIgniter\Session\Handlers\FileHandler' driver.
INFO - 2023-08-08 10:41:59 --> Cart Class Initialized
INFO - 2023-08-08 10:41:59 --> Session: Class initialized using 'CodeIgniter\Session\Handlers\FileHandler' driver.
INFO - 2023-08-08 10:41:59 --> Cart Class Initialized
INFO - 2023-08-08 10:42:03 --> Session: Class initialized using 'CodeIgniter\Session\Handlers\FileHandler' driver.
INFO - 2023-08-08 10:42:03 --> Cart Class Initialized
INFO - 2023-08-08 10:42:03 --> Session: Class initialized using 'CodeIgniter\Session\Handlers\FileHandler' driver.
INFO - 2023-08-08 10:42:03 --> Cart Class Initialized
INFO - 2023-08-08 10:42:05 --> Session: Class initialized using 'CodeIgniter\Session\Handlers\FileHandler' driver.
INFO - 2023-08-08 10:43:26 --> Session: Class initialized using 'CodeIgniter\Session\Handlers\FileHandler' driver.
INFO - 2023-08-08 11:52:18 --> Session: Class initialized using 'CodeIgniter\Session\Handlers\FileHandler' driver.
INFO - 2023-08-08 11:52:18 --> Session: Class initialized using 'CodeIgniter\Session\Handlers\FileHandler' driver.
INFO - 2023-08-08 11:52:42 --> Session: Class initialized using 'CodeIgniter\Session\Handlers\FileHandler' driver.
INFO - 2023-08-08 11:52:44 --> Session: Class initialized using 'CodeIgniter\Session\Handlers\FileHandler' driver.
CRITICAL - 2023-08-08 11:52:44 --> Undefined variable $usuario
in APPPATH\Views\inc\requeriments\navbar.php on line 20.
 1 APPPATH\Views\inc\requeriments\navbar.php(20): CodeIgniter\Debug\Exceptions->errorHandler(2, 'Undefined variable $usuario', 'C:\\xampp\\htdocs\\tp-maxigim\\app\\Views\\inc\\requeriments\\navbar.php', 20)
 2 SYSTEMPATH\View\View.php(213): include('C:\\xampp\\htdocs\\tp-maxigim\\app\\Views\\inc\\requeriments\\navbar.php')
 3 SYSTEMPATH\View\View.php(216): CodeIgniter\View\View->CodeIgniter\View\{closure}()
 4 SYSTEMPATH\Common.php(1184): CodeIgniter\View\View->render('/inc/requeriments/navbar', [], true)
 5 APPPATH\Controllers\Direccion_controller.php(64): view('/inc/requeriments/navbar', [...])
 6 SYSTEMPATH\CodeIgniter.php(934): App\Controllers\Direccion_controller->agregarDireccion()
 7 SYSTEMPATH\CodeIgniter.php(499): CodeIgniter\CodeIgniter->runController(Object(App\Controllers\Direccion_controller))
 8 SYSTEMPATH\CodeIgniter.php(368): CodeIgniter\CodeIgniter->handleRequest(null, Object(Config\Cache), false)
 9 FCPATH\index.php(67): CodeIgniter\CodeIgniter->run()
INFO - 2023-08-08 11:55:30 --> Session: Class initialized using 'CodeIgniter\Session\Handlers\FileHandler' driver.
CRITICAL - 2023-08-08 11:55:30 --> Undefined variable $usuario
in APPPATH\Views\inc\requeriments\navbar.php on line 20.
 1 APPPATH\Views\inc\requeriments\navbar.php(20): CodeIgniter\Debug\Exceptions->errorHandler(2, 'Undefined variable $usuario', 'C:\\xampp\\htdocs\\tp-maxigim\\app\\Views\\inc\\requeriments\\navbar.php', 20)
 2 SYSTEMPATH\View\View.php(213): include('C:\\xampp\\htdocs\\tp-maxigim\\app\\Views\\inc\\requeriments\\navbar.php')
 3 SYSTEMPATH\View\View.php(216): CodeIgniter\View\View->CodeIgniter\View\{closure}()
 4 SYSTEMPATH\Common.php(1184): CodeIgniter\View\View->render('/inc/requeriments/navbar', [], true)
 5 APPPATH\Controllers\Direccion_controller.php(67): view('/inc/requeriments/navbar', [...])
 6 SYSTEMPATH\CodeIgniter.php(934): App\Controllers\Direccion_controller->agregarDireccion()
 7 SYSTEMPATH\CodeIgniter.php(499): CodeIgniter\CodeIgniter->runController(Object(App\Controllers\Direccion_controller))
 8 SYSTEMPATH\CodeIgniter.php(368): CodeIgniter\CodeIgniter->handleRequest(null, Object(Config\Cache), false)
 9 FCPATH\index.php(67): CodeIgniter\CodeIgniter->run()
INFO - 2023-08-08 11:56:33 --> Session: Class initialized using 'CodeIgniter\Session\Handlers\FileHandler' driver.
INFO - 2023-08-08 11:56:45 --> Session: Class initialized using 'CodeIgniter\Session\Handlers\FileHandler' driver.
INFO - 2023-08-08 11:56:45 --> Session: Class initialized using 'CodeIgniter\Session\Handlers\FileHandler' driver.
CRITICAL - 2023-08-08 11:56:45 --> require_once(vendor/autoload.php): Failed to open stream: No such file or directory
in APPPATH\Views\backend\mp.php on line 20.
 1 APPPATH\Views\backend\mp.php(20): CodeIgniter\Debug\Exceptions->errorHandler(2, 'require_once(vendor/autoload.php): Failed to open stream: No such file or directory', 'C:\\xampp\\htdocs\\tp-maxigim\\app\\Views\\backend\\mp.php', 20)
 2 APPPATH\Views\backend\mp.php(20): require_once()
 3 SYSTEMPATH\View\View.php(213): include('C:\\xampp\\htdocs\\tp-maxigim\\app\\Views\\backend\\mp.php')
 4 SYSTEMPATH\View\View.php(216): CodeIgniter\View\View->CodeIgniter\View\{closure}()
 5 SYSTEMPATH\Common.php(1184): CodeIgniter\View\View->render('/backend/mp', [], true)
 6 APPPATH\Controllers\Home.php(261): view('/backend/mp')
 7 SYSTEMPATH\CodeIgniter.php(934): App\Controllers\Home->mp()
 8 SYSTEMPATH\CodeIgniter.php(499): CodeIgniter\CodeIgniter->runController(Object(App\Controllers\Home))
 9 SYSTEMPATH\CodeIgniter.php(368): CodeIgniter\CodeIgniter->handleRequest(null, Object(Config\Cache), false)
10 FCPATH\index.php(67): CodeIgniter\CodeIgniter->run()
INFO - 2023-08-08 11:57:14 --> Session: Class initialized using 'CodeIgniter\Session\Handlers\FileHandler' driver.
INFO - 2023-08-08 12:00:13 --> Session: Class initialized using 'CodeIgniter\Session\Handlers\FileHandler' driver.
CRITICAL - 2023-08-08 12:00:13 --> require_once(vendor/autoload.php): Failed to open stream: No such file or directory
in APPPATH\Views\backend\mp.php on line 8.
 1 APPPATH\Views\backend\mp.php(8): CodeIgniter\Debug\Exceptions->errorHandler(2, 'require_once(vendor/autoload.php): Failed to open stream: No such file or directory', 'C:\\xampp\\htdocs\\tp-maxigim\\app\\Views\\backend\\mp.php', 8)
 2 APPPATH\Views\backend\mp.php(8): require_once()
 3 SYSTEMPATH\View\View.php(213): include('C:\\xampp\\htdocs\\tp-maxigim\\app\\Views\\backend\\mp.php')
 4 SYSTEMPATH\View\View.php(216): CodeIgniter\View\View->CodeIgniter\View\{closure}()
 5 SYSTEMPATH\Common.php(1184): CodeIgniter\View\View->render('/backend/mp', [], true)
 6 APPPATH\Controllers\Home.php(261): view('/backend/mp')
 7 SYSTEMPATH\CodeIgniter.php(934): App\Controllers\Home->mp()
 8 SYSTEMPATH\CodeIgniter.php(499): CodeIgniter\CodeIgniter->runController(Object(App\Controllers\Home))
 9 SYSTEMPATH\CodeIgniter.php(368): CodeIgniter\CodeIgniter->handleRequest(null, Object(Config\Cache), false)
10 FCPATH\index.php(67): CodeIgniter\CodeIgniter->run()
