CRITICAL - 2023-04-13 12:54:29 --> syntax error, unexpected '/', expecting '{'
in APPPATH\Controllers\quienesSomos.php on line 4.
 1 SYSTEMPATH\Autoloader\Autoloader.php(289): CodeIgniter\Autoloader\Autoloader->includeFile('C:\\xampp\\htdocs\\tp-maxigim\\app\\Controllers\\quienesSomos.php')
 2 SYSTEMPATH\Autoloader\Autoloader.php(267): CodeIgniter\Autoloader\Autoloader->loadInNamespace('App\\Controllers\\quienesSomos')
 3 [internal function]: CodeIgniter\Autoloader\Autoloader->loadClass('App\\Controllers\\quienesSomos')
 4 [internal function]: spl_autoload_call('App\\Controllers\\quienesSomos')
 5 SYSTEMPATH\CodeIgniter.php(892): class_exists('\\App\\Controllers\\quienesSomos', true)
 6 SYSTEMPATH\CodeIgniter.php(486): CodeIgniter\CodeIgniter->startController()
 7 SYSTEMPATH\CodeIgniter.php(368): CodeIgniter\CodeIgniter->handleRequest(null, Object(Config\Cache), false)
 8 FCPATH\index.php(67): CodeIgniter\CodeIgniter->run()
CRITICAL - 2023-04-13 12:55:17 --> syntax error, unexpected '{', expecting identifier (T_STRING) or namespace (T_NAMESPACE) or \\ (T_NS_SEPARATOR)
in APPPATH\Controllers\quienesSomos.php on line 9.
 1 SYSTEMPATH\Autoloader\Autoloader.php(289): CodeIgniter\Autoloader\Autoloader->includeFile('C:\\xampp\\htdocs\\tp-maxigim\\app\\Controllers\\quienesSomos.php')
 2 SYSTEMPATH\Autoloader\Autoloader.php(267): CodeIgniter\Autoloader\Autoloader->loadInNamespace('App\\Controllers\\quienesSomos')
 3 [internal function]: CodeIgniter\Autoloader\Autoloader->loadClass('App\\Controllers\\quienesSomos')
 4 [internal function]: spl_autoload_call('App\\Controllers\\quienesSomos')
 5 SYSTEMPATH\CodeIgniter.php(892): class_exists('\\App\\Controllers\\quienesSomos', true)
 6 SYSTEMPATH\CodeIgniter.php(486): CodeIgniter\CodeIgniter->startController()
 7 SYSTEMPATH\CodeIgniter.php(368): CodeIgniter\CodeIgniter->handleRequest(null, Object(Config\Cache), false)
 8 FCPATH\index.php(67): CodeIgniter\CodeIgniter->run()
CRITICAL - 2023-04-13 12:58:29 --> Use of undefined constant quienes - assumed 'quienes' (this will throw an Error in a future version of PHP)
in APPPATH\Views\inc\navbar.php on line 24.
 1 APPPATH\Views\inc\navbar.php(24): CodeIgniter\Debug\Exceptions->errorHandler(2, 'Use of undefined constant quienes - assumed \'quienes\' (this will throw an Error in a future version of PHP)', 'C:\\xampp\\htdocs\\tp-maxigim\\app\\Views\\inc\\navbar.php', 24, [])
 2 APPPATH\Views\QS.php(2): require_once('C:\\xampp\\htdocs\\tp-maxigim\\app\\Views\\inc\\navbar.php')
 3 SYSTEMPATH\View\View.php(213): include('C:\\xampp\\htdocs\\tp-maxigim\\app\\Views\\QS.php')
 4 SYSTEMPATH\View\View.php(216): CodeIgniter\View\View->CodeIgniter\View\{closure}()
 5 SYSTEMPATH\Common.php(1184): CodeIgniter\View\View->render('QS', [], true)
 6 APPPATH\Controllers\quienesSomos.php(10): view('QS')
 7 SYSTEMPATH\CodeIgniter.php(934): App\Controllers\quienesSomos->index()
 8 SYSTEMPATH\CodeIgniter.php(499): CodeIgniter\CodeIgniter->runController(Object(App\Controllers\quienesSomos))
 9 SYSTEMPATH\CodeIgniter.php(368): CodeIgniter\CodeIgniter->handleRequest(null, Object(Config\Cache), false)
10 FCPATH\index.php(67): CodeIgniter\CodeIgniter->run()
CRITICAL - 2023-04-13 12:58:51 --> Use of undefined constant quienes - assumed 'quienes' (this will throw an Error in a future version of PHP)
in APPPATH\Views\inc\navbar.php on line 24.
 1 APPPATH\Views\inc\navbar.php(24): CodeIgniter\Debug\Exceptions->errorHandler(2, 'Use of undefined constant quienes - assumed \'quienes\' (this will throw an Error in a future version of PHP)', 'C:\\xampp\\htdocs\\tp-maxigim\\app\\Views\\inc\\navbar.php', 24, [])
 2 APPPATH\Views\QS.php(2): require_once('C:\\xampp\\htdocs\\tp-maxigim\\app\\Views\\inc\\navbar.php')
 3 SYSTEMPATH\View\View.php(213): include('C:\\xampp\\htdocs\\tp-maxigim\\app\\Views\\QS.php')
 4 SYSTEMPATH\View\View.php(216): CodeIgniter\View\View->CodeIgniter\View\{closure}()
 5 SYSTEMPATH\Common.php(1184): CodeIgniter\View\View->render('QS', [], true)
 6 APPPATH\Controllers\quienesSomos.php(10): view('QS')
 7 SYSTEMPATH\CodeIgniter.php(934): App\Controllers\quienesSomos->index()
 8 SYSTEMPATH\CodeIgniter.php(499): CodeIgniter\CodeIgniter->runController(Object(App\Controllers\quienesSomos))
 9 SYSTEMPATH\CodeIgniter.php(368): CodeIgniter\CodeIgniter->handleRequest(null, Object(Config\Cache), false)
10 FCPATH\index.php(67): CodeIgniter\CodeIgniter->run()
CRITICAL - 2023-04-13 13:00:41 --> Use of undefined constant quienesSomos - assumed 'quienesSomos' (this will throw an Error in a future version of PHP)
in APPPATH\Views\inc\navbar.php on line 24.
 1 APPPATH\Views\inc\navbar.php(24): CodeIgniter\Debug\Exceptions->errorHandler(2, 'Use of undefined constant quienesSomos - assumed \'quienesSomos\' (this will throw an Error in a future version of PHP)', 'C:\\xampp\\htdocs\\tp-maxigim\\app\\Views\\inc\\navbar.php', 24, [])
 2 APPPATH\Views\QS.php(2): require_once('C:\\xampp\\htdocs\\tp-maxigim\\app\\Views\\inc\\navbar.php')
 3 SYSTEMPATH\View\View.php(213): include('C:\\xampp\\htdocs\\tp-maxigim\\app\\Views\\QS.php')
 4 SYSTEMPATH\View\View.php(216): CodeIgniter\View\View->CodeIgniter\View\{closure}()
 5 SYSTEMPATH\Common.php(1184): CodeIgniter\View\View->render('QS', [], true)
 6 APPPATH\Controllers\quienesSomos.php(10): view('QS')
 7 SYSTEMPATH\CodeIgniter.php(934): App\Controllers\quienesSomos->index()
 8 SYSTEMPATH\CodeIgniter.php(499): CodeIgniter\CodeIgniter->runController(Object(App\Controllers\quienesSomos))
 9 SYSTEMPATH\CodeIgniter.php(368): CodeIgniter\CodeIgniter->handleRequest(null, Object(Config\Cache), false)
10 FCPATH\index.php(67): CodeIgniter\CodeIgniter->run()
CRITICAL - 2023-04-13 13:01:47 --> Use of undefined constant quienes - assumed 'quienes' (this will throw an Error in a future version of PHP)
in APPPATH\Views\inc\navbar.php on line 24.
 1 APPPATH\Views\inc\navbar.php(24): CodeIgniter\Debug\Exceptions->errorHandler(2, 'Use of undefined constant quienes - assumed \'quienes\' (this will throw an Error in a future version of PHP)', 'C:\\xampp\\htdocs\\tp-maxigim\\app\\Views\\inc\\navbar.php', 24, [])
 2 APPPATH\Views\QS.php(2): require_once('C:\\xampp\\htdocs\\tp-maxigim\\app\\Views\\inc\\navbar.php')
 3 SYSTEMPATH\View\View.php(213): include('C:\\xampp\\htdocs\\tp-maxigim\\app\\Views\\QS.php')
 4 SYSTEMPATH\View\View.php(216): CodeIgniter\View\View->CodeIgniter\View\{closure}()
 5 SYSTEMPATH\Common.php(1184): CodeIgniter\View\View->render('QS', [], true)
 6 APPPATH\Controllers\quienesSomos.php(10): view('QS')
 7 SYSTEMPATH\CodeIgniter.php(934): App\Controllers\quienesSomos->index()
 8 SYSTEMPATH\CodeIgniter.php(499): CodeIgniter\CodeIgniter->runController(Object(App\Controllers\quienesSomos))
 9 SYSTEMPATH\CodeIgniter.php(368): CodeIgniter\CodeIgniter->handleRequest(null, Object(Config\Cache), false)
10 FCPATH\index.php(67): CodeIgniter\CodeIgniter->run()
CRITICAL - 2023-04-13 13:09:41 --> Undefined variable: base_url
in APPPATH\Views\inc\navbar.php on line 24.
 1 APPPATH\Views\inc\navbar.php(24): CodeIgniter\Debug\Exceptions->errorHandler(8, 'Undefined variable: base_url', 'C:\\xampp\\htdocs\\tp-maxigim\\app\\Views\\inc\\navbar.php', 24, [])
 2 APPPATH\Views\QS.php(2): require_once('C:\\xampp\\htdocs\\tp-maxigim\\app\\Views\\inc\\navbar.php')
 3 SYSTEMPATH\View\View.php(213): include('C:\\xampp\\htdocs\\tp-maxigim\\app\\Views\\QS.php')
 4 SYSTEMPATH\View\View.php(216): CodeIgniter\View\View->CodeIgniter\View\{closure}()
 5 SYSTEMPATH\Common.php(1184): CodeIgniter\View\View->render('QS', [], true)
 6 APPPATH\Controllers\Home.php(19): view('QS')
 7 SYSTEMPATH\CodeIgniter.php(934): App\Controllers\Home->quienesSomos()
 8 SYSTEMPATH\CodeIgniter.php(499): CodeIgniter\CodeIgniter->runController(Object(App\Controllers\Home))
 9 SYSTEMPATH\CodeIgniter.php(368): CodeIgniter\CodeIgniter->handleRequest(null, Object(Config\Cache), false)
10 FCPATH\index.php(67): CodeIgniter\CodeIgniter->run()
CRITICAL - 2023-04-13 13:10:08 --> Undefined variable: baseURL
in APPPATH\Views\inc\navbar.php on line 24.
 1 APPPATH\Views\inc\navbar.php(24): CodeIgniter\Debug\Exceptions->errorHandler(8, 'Undefined variable: baseURL', 'C:\\xampp\\htdocs\\tp-maxigim\\app\\Views\\inc\\navbar.php', 24, [])
 2 APPPATH\Views\QS.php(2): require_once('C:\\xampp\\htdocs\\tp-maxigim\\app\\Views\\inc\\navbar.php')
 3 SYSTEMPATH\View\View.php(213): include('C:\\xampp\\htdocs\\tp-maxigim\\app\\Views\\QS.php')
 4 SYSTEMPATH\View\View.php(216): CodeIgniter\View\View->CodeIgniter\View\{closure}()
 5 SYSTEMPATH\Common.php(1184): CodeIgniter\View\View->render('QS', [], true)
 6 APPPATH\Controllers\Home.php(19): view('QS')
 7 SYSTEMPATH\CodeIgniter.php(934): App\Controllers\Home->quienesSomos()
 8 SYSTEMPATH\CodeIgniter.php(499): CodeIgniter\CodeIgniter->runController(Object(App\Controllers\Home))
 9 SYSTEMPATH\CodeIgniter.php(368): CodeIgniter\CodeIgniter->handleRequest(null, Object(Config\Cache), false)
10 FCPATH\index.php(67): CodeIgniter\CodeIgniter->run()
CRITICAL - 2023-04-13 13:13:10 --> Undefined variable: baseURL
in APPPATH\Views\inc\navbar.php on line 24.
 1 APPPATH\Views\inc\navbar.php(24): CodeIgniter\Debug\Exceptions->errorHandler(8, 'Undefined variable: baseURL', 'C:\\xampp\\htdocs\\tp-maxigim\\app\\Views\\inc\\navbar.php', 24, [])
 2 APPPATH\Views\QS.php(2): require_once('C:\\xampp\\htdocs\\tp-maxigim\\app\\Views\\inc\\navbar.php')
 3 SYSTEMPATH\View\View.php(213): include('C:\\xampp\\htdocs\\tp-maxigim\\app\\Views\\QS.php')
 4 SYSTEMPATH\View\View.php(216): CodeIgniter\View\View->CodeIgniter\View\{closure}()
 5 SYSTEMPATH\Common.php(1184): CodeIgniter\View\View->render('QS', [], true)
 6 APPPATH\Controllers\Home.php(19): view('QS')
 7 SYSTEMPATH\CodeIgniter.php(934): App\Controllers\Home->quienesSomos()
 8 SYSTEMPATH\CodeIgniter.php(499): CodeIgniter\CodeIgniter->runController(Object(App\Controllers\Home))
 9 SYSTEMPATH\CodeIgniter.php(368): CodeIgniter\CodeIgniter->handleRequest(null, Object(Config\Cache), false)
10 FCPATH\index.php(67): CodeIgniter\CodeIgniter->run()
CRITICAL - 2023-04-13 13:35:03 --> syntax error, unexpected '?>'
in APPPATH\Views\inc\navbar.php on line 35.
 1 SYSTEMPATH\View\View.php(213): include()
 2 SYSTEMPATH\View\View.php(216): CodeIgniter\View\View->CodeIgniter\View\{closure}()
 3 SYSTEMPATH\Common.php(1184): CodeIgniter\View\View->render('QS', [], true)
 4 APPPATH\Controllers\Home.php(19): view('QS')
 5 SYSTEMPATH\CodeIgniter.php(934): App\Controllers\Home->quienesSomos()
 6 SYSTEMPATH\CodeIgniter.php(499): CodeIgniter\CodeIgniter->runController(Object(App\Controllers\Home))
 7 SYSTEMPATH\CodeIgniter.php(368): CodeIgniter\CodeIgniter->handleRequest(null, Object(Config\Cache), false)
 8 FCPATH\index.php(67): CodeIgniter\CodeIgniter->run()
