CRITICAL - 2023-04-08 13:25:20 --> Undefined variable $latitude
in APPPATH\Views\inc\maps.php on line 22.
 1 APPPATH\Views\inc\maps.php(22): CodeIgniter\Debug\Exceptions->errorHandler(2, 'Undefined variable $latitude', 'C:\\xampp\\htdocs\\tp-maxigim\\app\\Views\\inc\\maps.php', 22)
 2 APPPATH\Views\home.php(13): require_once('C:\\xampp\\htdocs\\tp-maxigim\\app\\Views\\inc\\maps.php')
 3 SYSTEMPATH\View\View.php(213): include('C:\\xampp\\htdocs\\tp-maxigim\\app\\Views\\home.php')
 4 SYSTEMPATH\View\View.php(216): CodeIgniter\View\View->CodeIgniter\View\{closure}()
 5 SYSTEMPATH\Common.php(1184): CodeIgniter\View\View->render('home', [], true)
 6 APPPATH\Controllers\Home.php(69): view('home', [...])
 7 SYSTEMPATH\CodeIgniter.php(934): App\Controllers\Home->home()
 8 SYSTEMPATH\CodeIgniter.php(499): CodeIgniter\CodeIgniter->runController(Object(App\Controllers\Home))
 9 SYSTEMPATH\CodeIgniter.php(368): CodeIgniter\CodeIgniter->handleRequest(null, Object(Config\Cache), false)
10 FCPATH\index.php(67): CodeIgniter\CodeIgniter->run()
CRITICAL - 2023-04-08 13:31:26 --> Undefined variable $address
in APPPATH\Views\inc\maps.php on line 25.
 1 APPPATH\Views\inc\maps.php(25): CodeIgniter\Debug\Exceptions->errorHandler(2, 'Undefined variable $address', 'C:\\xampp\\htdocs\\tp-maxigim\\app\\Views\\inc\\maps.php', 25)
 2 APPPATH\Views\home.php(13): require_once('C:\\xampp\\htdocs\\tp-maxigim\\app\\Views\\inc\\maps.php')
 3 SYSTEMPATH\View\View.php(213): include('C:\\xampp\\htdocs\\tp-maxigim\\app\\Views\\home.php')
 4 SYSTEMPATH\View\View.php(216): CodeIgniter\View\View->CodeIgniter\View\{closure}()
 5 SYSTEMPATH\Common.php(1184): CodeIgniter\View\View->render('home', [], true)
 6 APPPATH\Controllers\Home.php(69): view('home', [...])
 7 SYSTEMPATH\CodeIgniter.php(934): App\Controllers\Home->home()
 8 SYSTEMPATH\CodeIgniter.php(499): CodeIgniter\CodeIgniter->runController(Object(App\Controllers\Home))
 9 SYSTEMPATH\CodeIgniter.php(368): CodeIgniter\CodeIgniter->handleRequest(null, Object(Config\Cache), false)
10 FCPATH\index.php(67): CodeIgniter\CodeIgniter->run()
CRITICAL - 2023-04-08 13:43:16 --> require_once(inc/maps.php): Failed to open stream: No such file or directory
in APPPATH\Views\inc\footer.php on line 33.
 1 APPPATH\Views\inc\footer.php(33): CodeIgniter\Debug\Exceptions->errorHandler(2, 'require_once(inc/maps.php): Failed to open stream: No such file or directory', 'C:\\xampp\\htdocs\\tp-maxigim\\app\\Views\\inc\\footer.php', 33)
 2 APPPATH\Views\inc\footer.php(33): require_once()
 3 APPPATH\Views\home.php(12): require_once('C:\\xampp\\htdocs\\tp-maxigim\\app\\Views\\inc\\footer.php')
 4 SYSTEMPATH\View\View.php(213): include('C:\\xampp\\htdocs\\tp-maxigim\\app\\Views\\home.php')
 5 SYSTEMPATH\View\View.php(216): CodeIgniter\View\View->CodeIgniter\View\{closure}()
 6 SYSTEMPATH\Common.php(1184): CodeIgniter\View\View->render('home', [], true)
 7 APPPATH\Controllers\Home.php(69): view('home', [...])
 8 SYSTEMPATH\CodeIgniter.php(934): App\Controllers\Home->home()
 9 SYSTEMPATH\CodeIgniter.php(499): CodeIgniter\CodeIgniter->runController(Object(App\Controllers\Home))
10 SYSTEMPATH\CodeIgniter.php(368): CodeIgniter\CodeIgniter->handleRequest(null, Object(Config\Cache), false)
11 FCPATH\index.php(67): CodeIgniter\CodeIgniter->run()
CRITICAL - 2023-04-08 13:44:20 --> require_once(/maps.php): Failed to open stream: No such file or directory
in APPPATH\Views\inc\footer.php on line 33.
 1 APPPATH\Views\inc\footer.php(33): CodeIgniter\Debug\Exceptions->errorHandler(2, 'require_once(/maps.php): Failed to open stream: No such file or directory', 'C:\\xampp\\htdocs\\tp-maxigim\\app\\Views\\inc\\footer.php', 33)
 2 APPPATH\Views\inc\footer.php(33): require_once()
 3 APPPATH\Views\home.php(12): require_once('C:\\xampp\\htdocs\\tp-maxigim\\app\\Views\\inc\\footer.php')
 4 SYSTEMPATH\View\View.php(213): include('C:\\xampp\\htdocs\\tp-maxigim\\app\\Views\\home.php')
 5 SYSTEMPATH\View\View.php(216): CodeIgniter\View\View->CodeIgniter\View\{closure}()
 6 SYSTEMPATH\Common.php(1184): CodeIgniter\View\View->render('home', [], true)
 7 APPPATH\Controllers\Home.php(69): view('home', [...])
 8 SYSTEMPATH\CodeIgniter.php(934): App\Controllers\Home->home()
 9 SYSTEMPATH\CodeIgniter.php(499): CodeIgniter\CodeIgniter->runController(Object(App\Controllers\Home))
10 SYSTEMPATH\CodeIgniter.php(368): CodeIgniter\CodeIgniter->handleRequest(null, Object(Config\Cache), false)
11 FCPATH\index.php(67): CodeIgniter\CodeIgniter->run()
CRITICAL - 2023-04-08 16:13:52 --> require_once(inc/estilos.css): Failed to open stream: No such file or directory
in APPPATH\Views\home.php on line 1.
 1 APPPATH\Views\home.php(1): CodeIgniter\Debug\Exceptions->errorHandler(2, 'require_once(inc/estilos.css): Failed to open stream: No such file or directory', 'C:\\xampp\\htdocs\\tp-maxigim\\app\\Views\\home.php', 1)
 2 APPPATH\Views\home.php(1): require_once()
 3 SYSTEMPATH\View\View.php(213): include('C:\\xampp\\htdocs\\tp-maxigim\\app\\Views\\home.php')
 4 SYSTEMPATH\View\View.php(216): CodeIgniter\View\View->CodeIgniter\View\{closure}()
 5 SYSTEMPATH\Common.php(1184): CodeIgniter\View\View->render('home', [], true)
 6 APPPATH\Controllers\Home.php(69): view('home', [...])
 7 SYSTEMPATH\CodeIgniter.php(934): App\Controllers\Home->home()
 8 SYSTEMPATH\CodeIgniter.php(499): CodeIgniter\CodeIgniter->runController(Object(App\Controllers\Home))
 9 SYSTEMPATH\CodeIgniter.php(368): CodeIgniter\CodeIgniter->handleRequest(null, Object(Config\Cache), false)
10 FCPATH\index.php(67): CodeIgniter\CodeIgniter->run()
CRITICAL - 2023-04-08 20:22:12 --> require_once(inc/estilos.css): Failed to open stream: No such file or directory
in APPPATH\Views\home.php on line 1.
 1 APPPATH\Views\home.php(1): CodeIgniter\Debug\Exceptions->errorHandler(2, 'require_once(inc/estilos.css): Failed to open stream: No such file or directory', 'C:\\xampp\\htdocs\\tp-maxigim\\app\\Views\\home.php', 1)
 2 APPPATH\Views\home.php(1): require_once()
 3 SYSTEMPATH\View\View.php(213): include('C:\\xampp\\htdocs\\tp-maxigim\\app\\Views\\home.php')
 4 SYSTEMPATH\View\View.php(216): CodeIgniter\View\View->CodeIgniter\View\{closure}()
 5 SYSTEMPATH\Common.php(1184): CodeIgniter\View\View->render('home', [], true)
 6 APPPATH\Controllers\Home.php(69): view('home', [...])
 7 SYSTEMPATH\CodeIgniter.php(934): App\Controllers\Home->home()
 8 SYSTEMPATH\CodeIgniter.php(499): CodeIgniter\CodeIgniter->runController(Object(App\Controllers\Home))
 9 SYSTEMPATH\CodeIgniter.php(368): CodeIgniter\CodeIgniter->handleRequest(null, Object(Config\Cache), false)
10 FCPATH\index.php(67): CodeIgniter\CodeIgniter->run()
