CRITICAL - 2023-04-20 19:16:12 --> Undefined variable $compras
in APPPATH\Views\inc\main.php on line 7.
 1 APPPATH\Views\inc\main.php(7): CodeIgniter\Debug\Exceptions->errorHandler(2, 'Undefined variable $compras', 'C:\\xampp\\htdocs\\tp-maxigim\\app\\Views\\inc\\main.php', 7)
 2 APPPATH\Views\productos.php(5): require_once('C:\\xampp\\htdocs\\tp-maxigim\\app\\Views\\inc\\main.php')
 3 SYSTEMPATH\View\View.php(213): include('C:\\xampp\\htdocs\\tp-maxigim\\app\\Views\\productos.php')
 4 SYSTEMPATH\View\View.php(216): CodeIgniter\View\View->CodeIgniter\View\{closure}()
 5 SYSTEMPATH\Common.php(1184): CodeIgniter\View\View->render('productos', [], true)
 6 APPPATH\Controllers\Home.php(46): view('productos')
 7 SYSTEMPATH\CodeIgniter.php(934): App\Controllers\Home->products()
 8 SYSTEMPATH\CodeIgniter.php(499): CodeIgniter\CodeIgniter->runController(Object(App\Controllers\Home))
 9 SYSTEMPATH\CodeIgniter.php(368): CodeIgniter\CodeIgniter->handleRequest(null, Object(Config\Cache), false)
10 FCPATH\index.php(67): CodeIgniter\CodeIgniter->run()
CRITICAL - 2023-04-20 19:16:29 --> Undefined variable $compras
in APPPATH\Views\inc\main.php on line 7.
 1 APPPATH\Views\inc\main.php(7): CodeIgniter\Debug\Exceptions->errorHandler(2, 'Undefined variable $compras', 'C:\\xampp\\htdocs\\tp-maxigim\\app\\Views\\inc\\main.php', 7)
 2 APPPATH\Views\productos.php(5): require_once('C:\\xampp\\htdocs\\tp-maxigim\\app\\Views\\inc\\main.php')
 3 SYSTEMPATH\View\View.php(213): include('C:\\xampp\\htdocs\\tp-maxigim\\app\\Views\\productos.php')
 4 SYSTEMPATH\View\View.php(216): CodeIgniter\View\View->CodeIgniter\View\{closure}()
 5 SYSTEMPATH\Common.php(1184): CodeIgniter\View\View->render('productos', [], true)
 6 APPPATH\Controllers\Home.php(46): view('productos')
 7 SYSTEMPATH\CodeIgniter.php(934): App\Controllers\Home->products()
 8 SYSTEMPATH\CodeIgniter.php(499): CodeIgniter\CodeIgniter->runController(Object(App\Controllers\Home))
 9 SYSTEMPATH\CodeIgniter.php(368): CodeIgniter\CodeIgniter->handleRequest(null, Object(Config\Cache), false)
10 FCPATH\index.php(67): CodeIgniter\CodeIgniter->run()
CRITICAL - 2023-04-20 21:49:44 --> include(./views/inc/products/products.php): Failed to open stream: No such file or directory
in APPPATH\Controllers\Home.php on line 8.
 1 APPPATH\Controllers\Home.php(8): CodeIgniter\Debug\Exceptions->errorHandler(2, 'include(./views/inc/products/products.php): Failed to open stream: No such file or directory', 'C:\\xampp\\htdocs\\tp-maxigim\\app\\Controllers\\Home.php', 8)
 2 APPPATH\Controllers\Home.php(8): include()
 3 SYSTEMPATH\Autoloader\Autoloader.php(312): include_once('C:\\xampp\\htdocs\\tp-maxigim\\app\\Controllers\\Home.php')
 4 SYSTEMPATH\Autoloader\Autoloader.php(289): CodeIgniter\Autoloader\Autoloader->includeFile('C:\\xampp\\htdocs\\tp-maxigim\\app\\Controllers\\Home.php')
 5 SYSTEMPATH\Autoloader\Autoloader.php(267): CodeIgniter\Autoloader\Autoloader->loadInNamespace('App\\Controllers\\Home')
 6 [internal function]: CodeIgniter\Autoloader\Autoloader->loadClass('App\\Controllers\\Home')
 7 SYSTEMPATH\CodeIgniter.php(892): class_exists('\\App\\Controllers\\Home', true)
 8 SYSTEMPATH\CodeIgniter.php(486): CodeIgniter\CodeIgniter->startController()
 9 SYSTEMPATH\CodeIgniter.php(368): CodeIgniter\CodeIgniter->handleRequest(null, Object(Config\Cache), false)
10 FCPATH\index.php(67): CodeIgniter\CodeIgniter->run()
CRITICAL - 2023-04-20 21:50:10 --> include(../views/inc/products/products.php): Failed to open stream: No such file or directory
in APPPATH\Controllers\Home.php on line 8.
 1 APPPATH\Controllers\Home.php(8): CodeIgniter\Debug\Exceptions->errorHandler(2, 'include(../views/inc/products/products.php): Failed to open stream: No such file or directory', 'C:\\xampp\\htdocs\\tp-maxigim\\app\\Controllers\\Home.php', 8)
 2 APPPATH\Controllers\Home.php(8): include()
 3 SYSTEMPATH\Autoloader\Autoloader.php(312): include_once('C:\\xampp\\htdocs\\tp-maxigim\\app\\Controllers\\Home.php')
 4 SYSTEMPATH\Autoloader\Autoloader.php(289): CodeIgniter\Autoloader\Autoloader->includeFile('C:\\xampp\\htdocs\\tp-maxigim\\app\\Controllers\\Home.php')
 5 SYSTEMPATH\Autoloader\Autoloader.php(267): CodeIgniter\Autoloader\Autoloader->loadInNamespace('App\\Controllers\\Home')
 6 [internal function]: CodeIgniter\Autoloader\Autoloader->loadClass('App\\Controllers\\Home')
 7 SYSTEMPATH\CodeIgniter.php(892): class_exists('\\App\\Controllers\\Home', true)
 8 SYSTEMPATH\CodeIgniter.php(486): CodeIgniter\CodeIgniter->startController()
 9 SYSTEMPATH\CodeIgniter.php(368): CodeIgniter\CodeIgniter->handleRequest(null, Object(Config\Cache), false)
10 FCPATH\index.php(67): CodeIgniter\CodeIgniter->run()
CRITICAL - 2023-04-20 21:50:39 --> include(../views/inc/products/productos.php): Failed to open stream: No such file or directory
in APPPATH\Controllers\Home.php on line 8.
 1 APPPATH\Controllers\Home.php(8): CodeIgniter\Debug\Exceptions->errorHandler(2, 'include(../views/inc/products/productos.php): Failed to open stream: No such file or directory', 'C:\\xampp\\htdocs\\tp-maxigim\\app\\Controllers\\Home.php', 8)
 2 APPPATH\Controllers\Home.php(8): include()
 3 SYSTEMPATH\Autoloader\Autoloader.php(312): include_once('C:\\xampp\\htdocs\\tp-maxigim\\app\\Controllers\\Home.php')
 4 SYSTEMPATH\Autoloader\Autoloader.php(289): CodeIgniter\Autoloader\Autoloader->includeFile('C:\\xampp\\htdocs\\tp-maxigim\\app\\Controllers\\Home.php')
 5 SYSTEMPATH\Autoloader\Autoloader.php(267): CodeIgniter\Autoloader\Autoloader->loadInNamespace('App\\Controllers\\Home')
 6 [internal function]: CodeIgniter\Autoloader\Autoloader->loadClass('App\\Controllers\\Home')
 7 SYSTEMPATH\CodeIgniter.php(892): class_exists('\\App\\Controllers\\Home', true)
 8 SYSTEMPATH\CodeIgniter.php(486): CodeIgniter\CodeIgniter->startController()
 9 SYSTEMPATH\CodeIgniter.php(368): CodeIgniter\CodeIgniter->handleRequest(null, Object(Config\Cache), false)
10 FCPATH\index.php(67): CodeIgniter\CodeIgniter->run()
CRITICAL - 2023-04-20 23:35:45 --> include(../views/inc/products/productos.php): Failed to open stream: No such file or directory
in APPPATH\Controllers\Home.php on line 8.
 1 APPPATH\Controllers\Home.php(8): CodeIgniter\Debug\Exceptions->errorHandler(2, 'include(../views/inc/products/productos.php): Failed to open stream: No such file or directory', 'C:\\xampp\\htdocs\\tp-maxigim\\app\\Controllers\\Home.php', 8)
 2 APPPATH\Controllers\Home.php(8): include()
 3 SYSTEMPATH\Autoloader\Autoloader.php(312): include_once('C:\\xampp\\htdocs\\tp-maxigim\\app\\Controllers\\Home.php')
 4 SYSTEMPATH\Autoloader\Autoloader.php(289): CodeIgniter\Autoloader\Autoloader->includeFile('C:\\xampp\\htdocs\\tp-maxigim\\app\\Controllers\\Home.php')
 5 SYSTEMPATH\Autoloader\Autoloader.php(267): CodeIgniter\Autoloader\Autoloader->loadInNamespace('App\\Controllers\\Home')
 6 [internal function]: CodeIgniter\Autoloader\Autoloader->loadClass('App\\Controllers\\Home')
 7 SYSTEMPATH\CodeIgniter.php(892): class_exists('\\App\\Controllers\\Home', true)
 8 SYSTEMPATH\CodeIgniter.php(486): CodeIgniter\CodeIgniter->startController()
 9 SYSTEMPATH\CodeIgniter.php(368): CodeIgniter\CodeIgniter->handleRequest(null, Object(Config\Cache), false)
10 FCPATH\index.php(67): CodeIgniter\CodeIgniter->run()
CRITICAL - 2023-04-20 23:36:09 --> include(./views/inc/products/productos.php): Failed to open stream: No such file or directory
in APPPATH\Controllers\Home.php on line 8.
 1 APPPATH\Controllers\Home.php(8): CodeIgniter\Debug\Exceptions->errorHandler(2, 'include(./views/inc/products/productos.php): Failed to open stream: No such file or directory', 'C:\\xampp\\htdocs\\tp-maxigim\\app\\Controllers\\Home.php', 8)
 2 APPPATH\Controllers\Home.php(8): include()
 3 SYSTEMPATH\Autoloader\Autoloader.php(312): include_once('C:\\xampp\\htdocs\\tp-maxigim\\app\\Controllers\\Home.php')
 4 SYSTEMPATH\Autoloader\Autoloader.php(289): CodeIgniter\Autoloader\Autoloader->includeFile('C:\\xampp\\htdocs\\tp-maxigim\\app\\Controllers\\Home.php')
 5 SYSTEMPATH\Autoloader\Autoloader.php(267): CodeIgniter\Autoloader\Autoloader->loadInNamespace('App\\Controllers\\Home')
 6 [internal function]: CodeIgniter\Autoloader\Autoloader->loadClass('App\\Controllers\\Home')
 7 SYSTEMPATH\CodeIgniter.php(892): class_exists('\\App\\Controllers\\Home', true)
 8 SYSTEMPATH\CodeIgniter.php(486): CodeIgniter\CodeIgniter->startController()
 9 SYSTEMPATH\CodeIgniter.php(368): CodeIgniter\CodeIgniter->handleRequest(null, Object(Config\Cache), false)
10 FCPATH\index.php(67): CodeIgniter\CodeIgniter->run()
CRITICAL - 2023-04-20 23:36:46 --> include(../Views/inc/products/productos.php): Failed to open stream: No such file or directory
in APPPATH\Controllers\Home.php on line 8.
 1 APPPATH\Controllers\Home.php(8): CodeIgniter\Debug\Exceptions->errorHandler(2, 'include(../Views/inc/products/productos.php): Failed to open stream: No such file or directory', 'C:\\xampp\\htdocs\\tp-maxigim\\app\\Controllers\\Home.php', 8)
 2 APPPATH\Controllers\Home.php(8): include()
 3 SYSTEMPATH\Autoloader\Autoloader.php(312): include_once('C:\\xampp\\htdocs\\tp-maxigim\\app\\Controllers\\Home.php')
 4 SYSTEMPATH\Autoloader\Autoloader.php(289): CodeIgniter\Autoloader\Autoloader->includeFile('C:\\xampp\\htdocs\\tp-maxigim\\app\\Controllers\\Home.php')
 5 SYSTEMPATH\Autoloader\Autoloader.php(267): CodeIgniter\Autoloader\Autoloader->loadInNamespace('App\\Controllers\\Home')
 6 [internal function]: CodeIgniter\Autoloader\Autoloader->loadClass('App\\Controllers\\Home')
 7 SYSTEMPATH\CodeIgniter.php(892): class_exists('\\App\\Controllers\\Home', true)
 8 SYSTEMPATH\CodeIgniter.php(486): CodeIgniter\CodeIgniter->startController()
 9 SYSTEMPATH\CodeIgniter.php(368): CodeIgniter\CodeIgniter->handleRequest(null, Object(Config\Cache), false)
10 FCPATH\index.php(67): CodeIgniter\CodeIgniter->run()
CRITICAL - 2023-04-20 23:37:47 --> Undefined variable $compras
in APPPATH\Controllers\Home.php on line 51.
 1 APPPATH\Controllers\Home.php(51): CodeIgniter\Debug\Exceptions->errorHandler(2, 'Undefined variable $compras', 'C:\\xampp\\htdocs\\tp-maxigim\\app\\Controllers\\Home.php', 51)
 2 SYSTEMPATH\CodeIgniter.php(934): App\Controllers\Home->products()
 3 SYSTEMPATH\CodeIgniter.php(499): CodeIgniter\CodeIgniter->runController(Object(App\Controllers\Home))
 4 SYSTEMPATH\CodeIgniter.php(368): CodeIgniter\CodeIgniter->handleRequest(null, Object(Config\Cache), false)
 5 FCPATH\index.php(67): CodeIgniter\CodeIgniter->run()
CRITICAL - 2023-04-20 23:39:54 --> Invalid file: "principal.html"
in SYSTEMPATH\Exceptions\FrameworkException.php on line 33.
 1 SYSTEMPATH\View\View.php(201): CodeIgniter\Exceptions\FrameworkException::forInvalidFile('principal.html')
 2 SYSTEMPATH\Common.php(1184): CodeIgniter\View\View->render('principal.html', [], true)
 3 APPPATH\Controllers\Home.php(26): view('principal.html')
 4 SYSTEMPATH\CodeIgniter.php(934): App\Controllers\Home->home()
 5 SYSTEMPATH\CodeIgniter.php(499): CodeIgniter\CodeIgniter->runController(Object(App\Controllers\Home))
 6 SYSTEMPATH\CodeIgniter.php(368): CodeIgniter\CodeIgniter->handleRequest(null, Object(Config\Cache), false)
 7 FCPATH\index.php(67): CodeIgniter\CodeIgniter->run()
CRITICAL - 2023-04-20 23:40:14 --> Invalid file: "principal.php"
in SYSTEMPATH\Exceptions\FrameworkException.php on line 33.
 1 SYSTEMPATH\View\View.php(201): CodeIgniter\Exceptions\FrameworkException::forInvalidFile('principal.php')
 2 SYSTEMPATH\Common.php(1184): CodeIgniter\View\View->render('principal', [], true)
 3 APPPATH\Controllers\Home.php(26): view('principal')
 4 SYSTEMPATH\CodeIgniter.php(934): App\Controllers\Home->home()
 5 SYSTEMPATH\CodeIgniter.php(499): CodeIgniter\CodeIgniter->runController(Object(App\Controllers\Home))
 6 SYSTEMPATH\CodeIgniter.php(368): CodeIgniter\CodeIgniter->handleRequest(null, Object(Config\Cache), false)
 7 FCPATH\index.php(67): CodeIgniter\CodeIgniter->run()
CRITICAL - 2023-04-20 23:40:18 --> Invalid file: "principal.php"
in SYSTEMPATH\Exceptions\FrameworkException.php on line 33.
 1 SYSTEMPATH\View\View.php(201): CodeIgniter\Exceptions\FrameworkException::forInvalidFile('principal.php')
 2 SYSTEMPATH\Common.php(1184): CodeIgniter\View\View->render('principal', [], true)
 3 APPPATH\Controllers\Home.php(26): view('principal')
 4 SYSTEMPATH\CodeIgniter.php(934): App\Controllers\Home->home()
 5 SYSTEMPATH\CodeIgniter.php(499): CodeIgniter\CodeIgniter->runController(Object(App\Controllers\Home))
 6 SYSTEMPATH\CodeIgniter.php(368): CodeIgniter\CodeIgniter->handleRequest(null, Object(Config\Cache), false)
 7 FCPATH\index.php(67): CodeIgniter\CodeIgniter->run()
